c:\users\sasha\documents\visual studio 2013\projects\fc\fc\debug\vc120.pdb
c:\users\sasha\documents\visual studio 2013\projects\fc\fc\debug\sql.obj
c:\users\sasha\documents\visual studio 2013\projects\fc\fc\debug\mainform.obj
c:\users\sasha\documents\visual studio 2013\projects\fc\fc\debug\champform.obj
c:\users\sasha\documents\visual studio 2013\projects\fc\fc\debug\champ.obj
c:\users\sasha\documents\visual studio 2013\projects\fc\fc\debug\addteamsform.obj
c:\users\sasha\documents\visual studio 2013\projects\fc\fc\debug\addmatchform.obj
c:\users\sasha\documents\visual studio 2013\projects\fc\fc\debug\addchampform.obj
c:\users\sasha\documents\visual studio 2013\projects\fc\fc\debug\.netframework,version=v4.5.assemblyattributes.obj
c:\users\sasha\documents\visual studio 2013\projects\fc\fc\debug\fc.addchampform.resources
c:\users\sasha\documents\visual studio 2013\projects\fc\fc\debug\fc.addmatchform.resources
c:\users\sasha\documents\visual studio 2013\projects\fc\fc\debug\fc.addteamsform.resources
c:\users\sasha\documents\visual studio 2013\projects\fc\fc\debug\fc.champform.resources
c:\users\sasha\documents\visual studio 2013\projects\fc\fc\debug\fc.mainform.resources
c:\users\sasha\documents\visual studio 2013\projects\fc\fc\debug\fc.vcxproj.generateresource.cache
c:\users\sasha\documents\visual studio 2013\projects\fc\fc\debug\fc.vcxprojresolveassemblyreference.cache
c:\users\sasha\documents\visual studio 2013\projects\fc\debug\fc.pdb
c:\users\sasha\documents\visual studio 2013\projects\fc\debug\fc.exe
c:\users\sasha\documents\visual studio 2013\projects\fc\fc\debug\fc.tlog\cl.command.1.tlog
c:\users\sasha\documents\visual studio 2013\projects\fc\fc\debug\fc.tlog\cl.read.1.tlog
c:\users\sasha\documents\visual studio 2013\projects\fc\fc\debug\fc.tlog\cl.write.1.tlog
c:\users\sasha\documents\visual studio 2013\projects\fc\fc\debug\fc.tlog\fc.write.1u.tlog
c:\users\sasha\documents\visual studio 2013\projects\fc\fc\debug\fc.tlog\link.command.1.tlog
c:\users\sasha\documents\visual studio 2013\projects\fc\fc\debug\fc.tlog\link.read.1.tlog
c:\users\sasha\documents\visual studio 2013\projects\fc\fc\debug\fc.tlog\link.write.1.tlog
c:\users\sasha\documents\visual studio 2013\projects\fc\fc\debug\fc.tlog\metagen.read.1.tlog
c:\users\sasha\documents\visual studio 2013\projects\fc\fc\debug\fc.tlog\metagen.write.1.tlog
c:\users\sasha\documents\visual studio 2013\projects\fc\fc\debug\fc.tlog\tzres.dll.bi
