Сборка начата 08.11.2015 19:24:18.
     1>Проект "C:\Users\stelmakh\Desktop\FC\FC\FC.vcxproj" в узле 2 (целевые объекты Build).
     1>ClCompile:
         C:\Program Files (x86)\Microsoft Visual Studio 12.0\VC\bin\CL.exe /c /AI"C:\Program Files (x86)\Reference Assemblies\Microsoft\Framework\.NETFramework\v4.5\\" /AI"C:\Program Files (x86)\Windows Kits\8.1\References\CommonConfiguration\Neutral" /AI"C:\Program Files (x86)\Reference Assemblies\Microsoft\Framework\.NETFramework\v4.5\Facades\\" /Zi /clr /nologo /W3 /WX- /Od /Oy- /D WIN32 /D _DEBUG /D _MBCS /EHa /MDd /GS /fp:precise /Zc:wchar_t /Zc:forScope /Fo"Debug\\" /Fd"Debug\vc120.pdb" /TP /FU"C:\Program Files (x86)\Reference Assemblies\Microsoft\Framework\.NETFramework\v4.5\mscorlib.dll" /FU"C:\Program Files (x86)\Reference Assemblies\Microsoft\Framework\.NETFramework\v4.5\System.Data.dll" /FU"C:\Program Files (x86)\Reference Assemblies\Microsoft\Framework\.NETFramework\v4.5\System.dll" /FU"C:\Program Files (x86)\Reference Assemblies\Microsoft\Framework\.NETFramework\v4.5\System.Drawing.dll" /FU"C:\Program Files (x86)\Reference Assemblies\Microsoft\Framework\.NETFramework\v4.5\System.Windows.Forms.dll" /FU"C:\Program Files (x86)\Reference Assemblies\Microsoft\Framework\.NETFramework\v4.5\System.Xml.dll" /analyze- /errorReport:prompt /clr:nostdlib AddChampForm.cpp AddMatchForm.cpp AddTeamsForm.cpp Champ.cpp ChampForm.cpp mainForm.cpp Sql.cpp
         AddChampForm.cpp
     1>c:\users\stelmakh\desktop\fc\fc\AddTeamsForm.h(18): warning C4677: ch: сигнатура члена, не являющегося частным, содержит частный тип сборки "Champ"
                 c:\users\stelmakh\desktop\fc\fc\Champ.h(10): см. объявление "Champ"
     1>c:\users\stelmakh\desktop\fc\fc\AddTeamsForm.h(20): warning C4677: AddTeamsForm: сигнатура члена, не являющегося частным, содержит частный тип сборки "Champ"
                 c:\users\stelmakh\desktop\fc\fc\Champ.h(10): см. объявление "Champ"
     1>c:\users\stelmakh\desktop\fc\fc\AddMatchForm.h(18): warning C4677: ch: сигнатура члена, не являющегося частным, содержит частный тип сборки "Champ"
                 c:\users\stelmakh\desktop\fc\fc\Champ.h(10): см. объявление "Champ"
     1>c:\users\stelmakh\desktop\fc\fc\AddMatchForm.h(20): warning C4677: AddMatchForm: сигнатура члена, не являющегося частным, содержит частный тип сборки "Champ"
                 c:\users\stelmakh\desktop\fc\fc\Champ.h(10): см. объявление "Champ"
     1>c:\users\stelmakh\desktop\fc\fc\ChampForm.h(19): warning C4677: ch: сигнатура члена, не являющегося частным, содержит частный тип сборки "Champ"
                 c:\users\stelmakh\desktop\fc\fc\Champ.h(10): см. объявление "Champ"
     1>c:\users\stelmakh\desktop\fc\fc\ChampForm.h(21): warning C4677: ChampForm: сигнатура члена, не являющегося частным, содержит частный тип сборки "Champ"
                 c:\users\stelmakh\desktop\fc\fc\Champ.h(10): см. объявление "Champ"
         AddMatchForm.cpp
     1>c:\users\stelmakh\desktop\fc\fc\AddMatchForm.h(18): warning C4677: ch: сигнатура члена, не являющегося частным, содержит частный тип сборки "Champ"
                 c:\users\stelmakh\desktop\fc\fc\Champ.h(10): см. объявление "Champ"
     1>c:\users\stelmakh\desktop\fc\fc\AddMatchForm.h(20): warning C4677: AddMatchForm: сигнатура члена, не являющегося частным, содержит частный тип сборки "Champ"
                 c:\users\stelmakh\desktop\fc\fc\Champ.h(10): см. объявление "Champ"
         AddTeamsForm.cpp
     1>c:\users\stelmakh\desktop\fc\fc\AddTeamsForm.h(18): warning C4677: ch: сигнатура члена, не являющегося частным, содержит частный тип сборки "Champ"
                 c:\users\stelmakh\desktop\fc\fc\Champ.h(10): см. объявление "Champ"
     1>c:\users\stelmakh\desktop\fc\fc\AddTeamsForm.h(20): warning C4677: AddTeamsForm: сигнатура члена, не являющегося частным, содержит частный тип сборки "Champ"
                 c:\users\stelmakh\desktop\fc\fc\Champ.h(10): см. объявление "Champ"
         Champ.cpp
         ChampForm.cpp
     1>c:\users\stelmakh\desktop\fc\fc\AddTeamsForm.h(18): warning C4677: ch: сигнатура члена, не являющегося частным, содержит частный тип сборки "Champ"
                 c:\users\stelmakh\desktop\fc\fc\Champ.h(10): см. объявление "Champ"
     1>c:\users\stelmakh\desktop\fc\fc\AddTeamsForm.h(20): warning C4677: AddTeamsForm: сигнатура члена, не являющегося частным, содержит частный тип сборки "Champ"
                 c:\users\stelmakh\desktop\fc\fc\Champ.h(10): см. объявление "Champ"
     1>c:\users\stelmakh\desktop\fc\fc\AddMatchForm.h(18): warning C4677: ch: сигнатура члена, не являющегося частным, содержит частный тип сборки "Champ"
                 c:\users\stelmakh\desktop\fc\fc\Champ.h(10): см. объявление "Champ"
     1>c:\users\stelmakh\desktop\fc\fc\AddMatchForm.h(20): warning C4677: AddMatchForm: сигнатура члена, не являющегося частным, содержит частный тип сборки "Champ"
                 c:\users\stelmakh\desktop\fc\fc\Champ.h(10): см. объявление "Champ"
     1>c:\users\stelmakh\desktop\fc\fc\ChampForm.h(19): warning C4677: ch: сигнатура члена, не являющегося частным, содержит частный тип сборки "Champ"
                 c:\users\stelmakh\desktop\fc\fc\Champ.h(10): см. объявление "Champ"
     1>c:\users\stelmakh\desktop\fc\fc\ChampForm.h(21): warning C4677: ChampForm: сигнатура члена, не являющегося частным, содержит частный тип сборки "Champ"
                 c:\users\stelmakh\desktop\fc\fc\Champ.h(10): см. объявление "Champ"
         mainForm.cpp
     1>c:\users\stelmakh\desktop\fc\fc\AddTeamsForm.h(18): warning C4677: ch: сигнатура члена, не являющегося частным, содержит частный тип сборки "Champ"
                 c:\users\stelmakh\desktop\fc\fc\Champ.h(10): см. объявление "Champ"
     1>c:\users\stelmakh\desktop\fc\fc\AddTeamsForm.h(20): warning C4677: AddTeamsForm: сигнатура члена, не являющегося частным, содержит частный тип сборки "Champ"
                 c:\users\stelmakh\desktop\fc\fc\Champ.h(10): см. объявление "Champ"
     1>c:\users\stelmakh\desktop\fc\fc\AddMatchForm.h(18): warning C4677: ch: сигнатура члена, не являющегося частным, содержит частный тип сборки "Champ"
                 c:\users\stelmakh\desktop\fc\fc\Champ.h(10): см. объявление "Champ"
     1>c:\users\stelmakh\desktop\fc\fc\AddMatchForm.h(20): warning C4677: AddMatchForm: сигнатура члена, не являющегося частным, содержит частный тип сборки "Champ"
                 c:\users\stelmakh\desktop\fc\fc\Champ.h(10): см. объявление "Champ"
     1>c:\users\stelmakh\desktop\fc\fc\ChampForm.h(19): warning C4677: ch: сигнатура члена, не являющегося частным, содержит частный тип сборки "Champ"
                 c:\users\stelmakh\desktop\fc\fc\Champ.h(10): см. объявление "Champ"
     1>c:\users\stelmakh\desktop\fc\fc\ChampForm.h(21): warning C4677: ChampForm: сигнатура члена, не являющегося частным, содержит частный тип сборки "Champ"
                 c:\users\stelmakh\desktop\fc\fc\Champ.h(10): см. объявление "Champ"
     1>mainForm.cpp(6): warning C4829: Возможно, неправильные параметры функции main. Рекомендуемый вариант - "int main(Platform::Array<Platform::String^>^ argv)"
         Sql.cpp
         Создание кода...
         C:\Program Files (x86)\Microsoft Visual Studio 12.0\VC\bin\CL.exe /c /Zi /clr /nologo /W3 /WX- /Od /Oy- /D WIN32 /D _DEBUG /D _MBCS /EHa /MDd /GS /fp:precise /Zc:wchar_t /Zc:forScope /Fo"Debug\\" /Fd"Debug\vc120.pdb" /TP /analyze- /errorReport:prompt "C:\Users\stelmakh\AppData\Local\Temp\.NETFramework,Version=v4.5.AssemblyAttributes.cpp"
         .NETFramework,Version=v4.5.AssemblyAttributes.cpp
       Link:
         C:\Program Files (x86)\Microsoft Visual Studio 12.0\VC\bin\link.exe /ERRORREPORT:PROMPT /OUT:"C:\Users\stelmakh\Desktop\FC\Debug\FC.exe" /INCREMENTAL /NOLOGO /ASSEMBLYRESOURCE:Debug\FC.AddChampForm.resources /ASSEMBLYRESOURCE:Debug\FC.AddMatchForm.resources /ASSEMBLYRESOURCE:Debug\FC.AddTeamsForm.resources /ASSEMBLYRESOURCE:Debug\FC.ChampForm.resources /ASSEMBLYRESOURCE:Debug\FC.mainForm.resources /MANIFEST /MANIFESTUAC:"level='asInvoker' uiAccess='false'" /manifest:embed /DEBUG /PDB:"C:\Users\stelmakh\Desktop\FC\Debug\FC.pdb" /ASSEMBLYDEBUG /SUBSYSTEM:WINDOWS /TLBID:1 /ENTRY:"main" /DYNAMICBASE /FIXED:NO /NXCOMPAT /MACHINE:X86 Debug\AddChampForm.obj
         Debug\AddMatchForm.obj
         Debug\AddTeamsForm.obj
         Debug\Champ.obj
         Debug\ChampForm.obj
         Debug\mainForm.obj
         Debug\Sql.obj
         "Debug\.NETFramework,Version=v4.5.AssemblyAttributes.obj"
         FC.vcxproj -> C:\Users\stelmakh\Desktop\FC\Debug\FC.exe
     1>Сборка проекта "C:\Users\stelmakh\Desktop\FC\FC\FC.vcxproj" завершена (целевые объекты Build).

Сборка успешно завершена.

Затраченное время: 00:00:05.81
